2023-12-06 11:10:42,456 [ERROR] LogOutputStream:75 - [STDERR_REDIRECT] 
2023-12-06 17:02:41,165 [INFO] Activator:176 - 


2023-12-06 17:02:41,165 [INFO] Activator:177 - !SESSION log4j initialized
2023-12-06 17:02:46,380 [INFO] LogOutputStream:77 - [STDOUT_REDIRECT] 
2023-12-06 17:02:53,274 [INFO] ApplicationProperties:184 - Using Application install path: C:\ST\STM32CubeIDE_1.8.0\STM32CubeIDE\plugins\com.st.stm32cube.common.mx_6.9.2.202309101412
2023-12-06 17:02:53,290 [INFO] DbMcusXml:78 - Set database path to: C:\ST\STM32CubeIDE_1.8.0\STM32CubeIDE\plugins\com.st.stm32cube.common.mx_6.9.2.202309101412\\db\/mcu/
2023-12-06 17:02:53,292 [INFO] ApiDb:274 - Set plugin database path to: C:\ST\STM32CubeIDE_1.8.0\STM32CubeIDE\plugins\com.st.stm32cube.common.mx_6.9.2.202309101412\\db\/plugins/boardmanager/
2023-12-06 17:02:53,292 [WARN] ApiDb:259 - Overriding images path with different value:  => C:\ST\STM32CubeIDE_1.8.0\STM32CubeIDE\plugins\com.st.stm32cube.common.mx_6.9.2.202309101412\\db\/plugins/mcufinder/images/
2023-12-06 17:02:53,308 [INFO] ApiDb:250 - Set database path to: C:\Users\AW\.stmcufinder\plugins\mcufinder//mcu/
2023-12-06 17:02:53,309 [INFO] DbMcusAds:125 - Set database path to: C:\Users\AW\.stmcufinder\plugins\mcufinder//mcu/
2023-12-06 17:02:53,311 [INFO] CrossReferenceDbSqlite:203 - Set database path to: C:\Users\AW\.stmcufinder\plugins\mcufinder//mcu/cs/
2023-12-06 17:02:53,411 [INFO] RulesReader:64 - Compatibility file has been processed (293 Rules)
2023-12-06 17:02:53,479 [INFO] DbMcusXml:78 - Set database path to: C:\ST\STM32CubeIDE_1.8.0\STM32CubeIDE\plugins\com.st.stm32cube.common.mx_6.9.2.202309101412\\db\/mcu/
2023-12-06 17:02:53,480 [INFO] ApiDb:274 - Set plugin database path to: C:\ST\STM32CubeIDE_1.8.0\STM32CubeIDE\plugins\com.st.stm32cube.common.mx_6.9.2.202309101412\\db\/plugins/boardmanager/
2023-12-06 17:02:53,480 [INFO] ApiDb:261 - Set plugin images path to: C:\ST\STM32CubeIDE_1.8.0\STM32CubeIDE\plugins\com.st.stm32cube.common.mx_6.9.2.202309101412\\db\/plugins/mcufinder/images/
2023-12-06 17:02:53,480 [WARN] DbFile:41 - Overriding database path with different value: C:\Users\AW\.stmcufinder\plugins\mcufinder/ => C:\Users\AW\.stmcufinder\plugins\mcufinder
2023-12-06 17:02:53,480 [INFO] ApiDb:250 - Set database path to: C:\Users\AW\.stmcufinder\plugins\mcufinder//mcu/
2023-12-06 17:02:53,480 [WARN] DbFile:41 - Overriding database path with different value: C:\Users\AW\.stmcufinder\plugins\mcufinder/ => C:\Users\AW\.stmcufinder\plugins\mcufinder
2023-12-06 17:02:53,480 [INFO] DbMcusAds:125 - Set database path to: C:\Users\AW\.stmcufinder\plugins\mcufinder//mcu/
2023-12-06 17:02:53,480 [WARN] DbFile:41 - Overriding database path with different value: C:\Users\AW\.stmcufinder\plugins\mcufinder/ => C:\Users\AW\.stmcufinder\plugins\mcufinder
2023-12-06 17:02:53,480 [WARN] DbFile:41 - Overriding database path with different value: C:\Users\AW\.stmcufinder\plugins\mcufinder/ => C:\Users\AW\.stmcufinder\plugins\mcufinder
2023-12-06 17:02:53,480 [INFO] CrossReferenceDbSqlite:203 - Set database path to: C:\Users\AW\.stmcufinder\plugins\mcufinder//mcu/cs/
2023-12-06 17:02:53,548 [INFO] MainPanel:262 - HeapMemory: 268435456
2023-12-06 17:02:53,621 [INFO] DbMcusXml:78 - Set database path to: C:\ST\STM32CubeIDE_1.8.0\STM32CubeIDE\plugins\com.st.stm32cube.common.mx_6.9.2.202309101412\\db\/mcu/
2023-12-06 17:02:53,622 [INFO] ApiDb:274 - Set plugin database path to: C:\ST\STM32CubeIDE_1.8.0\STM32CubeIDE\plugins\com.st.stm32cube.common.mx_6.9.2.202309101412\\db\/plugins/boardmanager/
2023-12-06 17:02:53,622 [INFO] ApiDb:261 - Set plugin images path to: C:\ST\STM32CubeIDE_1.8.0\STM32CubeIDE\plugins\com.st.stm32cube.common.mx_6.9.2.202309101412\\db\/plugins/mcufinder/images/
2023-12-06 17:02:53,622 [WARN] DbFile:41 - Overriding database path with different value: C:\Users\AW\.stmcufinder\plugins\mcufinder/ => C:\Users\AW\.stmcufinder\plugins\mcufinder
2023-12-06 17:02:53,622 [INFO] ApiDb:250 - Set database path to: C:\Users\AW\.stmcufinder\plugins\mcufinder//mcu/
2023-12-06 17:02:53,622 [WARN] DbFile:41 - Overriding database path with different value: C:\Users\AW\.stmcufinder\plugins\mcufinder/ => C:\Users\AW\.stmcufinder\plugins\mcufinder
2023-12-06 17:02:53,622 [INFO] DbMcusAds:125 - Set database path to: C:\Users\AW\.stmcufinder\plugins\mcufinder//mcu/
2023-12-06 17:02:53,622 [WARN] DbFile:41 - Overriding database path with different value: C:\Users\AW\.stmcufinder\plugins\mcufinder/ => C:\Users\AW\.stmcufinder\plugins\mcufinder
2023-12-06 17:02:53,622 [WARN] DbFile:41 - Overriding database path with different value: C:\Users\AW\.stmcufinder\plugins\mcufinder/ => C:\Users\AW\.stmcufinder\plugins\mcufinder
2023-12-06 17:02:53,622 [INFO] CrossReferenceDbSqlite:203 - Set database path to: C:\Users\AW\.stmcufinder\plugins\mcufinder//mcu/cs/
2023-12-06 17:02:53,638 [INFO] ApplicationProperties:184 - Using Application install path: C:\ST\STM32CubeIDE_1.8.0\STM32CubeIDE\plugins\com.st.stm32cube.common.mx_6.9.2.202309101412
2023-12-06 17:02:53,639 [INFO] PluginManage:196 - Search for loadable plugins [exclusion list=, ]
2023-12-06 17:02:53,640 [INFO] PluginManage:310 - Check plugin analytics
2023-12-06 17:02:58,328 [INFO] AnalyticsPlugin:253 - Accepted Software Licenses: 
2023-12-06 17:02:58,328 [INFO] AnalyticsPlugin:255 - Accepted CMSIS Pack Licenses: 
2023-12-06 17:02:58,328 [INFO] AnalyticsPlugin:257 - Accepted Firmware Licenses: FW.F7.1.17.0
2023-12-06 17:02:58,330 [INFO] PluginManage:359 - Loaded plugin analytics (category:tool,tabindex:-1)
2023-12-06 17:02:58,331 [INFO] PluginManage:310 - Check plugin cadmodel
2023-12-06 17:02:58,343 [INFO] CADModel:105 - Init CAD model plugin
2023-12-06 17:02:58,343 [INFO] PluginManage:359 - Loaded plugin cadmodel (category:power,tabindex:5)
2023-12-06 17:02:58,343 [INFO] PluginManage:310 - Check plugin clock
2023-12-06 17:02:58,358 [INFO] PluginManage:359 - Loaded plugin clock (category:base,tabindex:2)
2023-12-06 17:02:58,358 [INFO] PluginManage:310 - Check plugin ddr
2023-12-06 17:02:58,360 [INFO] PluginManage:359 - Loaded plugin ddr (category:tool,tabindex:6)
2023-12-06 17:02:58,360 [INFO] PluginManage:310 - Check plugin filemanager
2023-12-06 17:02:58,470 [INFO] PluginManage:359 - Loaded plugin filemanager (category:base,tabindex:10)
2023-12-06 17:02:58,471 [INFO] PluginManage:310 - Check plugin ipmanager
2023-12-06 17:02:58,476 [INFO] PluginManage:359 - Loaded plugin ipmanager (category:base,tabindex:5)
2023-12-06 17:02:58,476 [INFO] PluginManage:310 - Check plugin lpbam
2023-12-06 17:02:58,491 [INFO] PluginManage:359 - Loaded plugin lpbam (category:base,tabindex:0)
2023-12-06 17:02:58,491 [INFO] PluginManage:310 - Check plugin memorymap
2023-12-06 17:02:58,511 [INFO] PluginManage:359 - Loaded plugin memorymap (category:base,tabindex:4)
2023-12-06 17:02:58,512 [INFO] PluginManage:310 - Check plugin pinoutandconfiguration
2023-12-06 17:02:58,526 [INFO] PluginManage:359 - Loaded plugin pinoutandconfiguration (category:base,tabindex:1)
2023-12-06 17:02:58,526 [INFO] PluginManage:310 - Check plugin pinoutconfig
2023-12-06 17:02:58,610 [WARN] SupportedApi:132 - Cannot load RTOS API schema: s4s-elt-must-match.1: The content of 'definitions' must match (annotation?, (simpleType | complexType)?, (unique | key | keyref)*)). A problem was found starting at: attribute.
2023-12-06 17:02:58,737 [INFO] PluginManage:359 - Loaded plugin pinoutconfig (category:base,tabindex:0)
2023-12-06 17:02:58,737 [INFO] PluginManage:310 - Check plugin power
2023-12-06 17:02:58,757 [INFO] PluginManage:359 - Loaded plugin power (category:power,tabindex:4)
2023-12-06 17:02:58,757 [INFO] PluginManage:310 - Check plugin projectmanager
2023-12-06 17:02:58,770 [INFO] PluginManage:359 - Loaded plugin projectmanager (category:projectmanager,tabindex:3)
2023-12-06 17:02:58,770 [INFO] PluginManage:310 - Check plugin thirdparty
2023-12-06 17:02:59,004 [INFO] PluginManage:359 - Loaded plugin thirdparty (category:base,tabindex:-1)
2023-12-06 17:02:59,004 [INFO] PluginManage:310 - Check plugin tools
2023-12-06 17:02:59,004 [WARN] IntegrityCheckThread:84 - waiting for thirdparty lock release [integrity check]
2023-12-06 17:02:59,004 [INFO] IntegrityCheckThread:86 - entering critical section [integrity check]
2023-12-06 17:02:59,004 [INFO] ThirdPartyUpdaterWithRetryManager:70 - Updater plugin not ready yet. [1/15]
2023-12-06 17:02:59,032 [INFO] PluginManage:359 - Loaded plugin tools (category:base,tabindex:7)
2023-12-06 17:02:59,033 [INFO] PluginManage:310 - Check plugin tutovideos
2023-12-06 17:02:59,194 [INFO] PluginManage:359 - Loaded plugin tutovideos (category:base,tabindex:-1)
2023-12-06 17:02:59,194 [INFO] PluginManage:310 - Check plugin updater
2023-12-06 17:02:59,201 [INFO] PluginManage:359 - Loaded plugin updater (category:base,tabindex:12)
2023-12-06 17:02:59,201 [INFO] PluginManage:310 - Check plugin userauth
2023-12-06 17:02:59,204 [INFO] UserAuth:113 - Init User Auth plugin
2023-12-06 17:02:59,204 [INFO] PluginManage:359 - Loaded plugin userauth (category:base,tabindex:14)
2023-12-06 17:02:59,205 [INFO] PluginManage:283 - PluginManage : Loaded plugins [17]
2023-12-06 17:02:59,379 [INFO] PinOutPanel:1499 - setPackage(No Configuration,No Configuration)
2023-12-06 17:02:59,467 [INFO] CADModel:165 - CPN selected for project level
2023-12-06 17:02:59,467 [INFO] CADModel:114 - Register for checkConnection events
2023-12-06 17:02:59,486 [INFO] IPUIPlugin:80 - create IPUIPlugin
2023-12-06 17:02:59,486 [INFO] PluginManager:220 - loadIPPluginJar : add adc
2023-12-06 17:02:59,514 [INFO] IPUIPlugin:80 - create IPUIPlugin
2023-12-06 17:02:59,515 [INFO] PluginManager:220 - loadIPPluginJar : add aes
2023-12-06 17:02:59,546 [INFO] IPUIPlugin:80 - create IPUIPlugin
2023-12-06 17:02:59,546 [INFO] PluginManager:220 - loadIPPluginJar : add can
2023-12-06 17:02:59,563 [INFO] IPUIPlugin:80 - create IPUIPlugin
2023-12-06 17:02:59,563 [INFO] PluginManager:220 - loadIPPluginJar : add comp
2023-12-06 17:02:59,588 [INFO] IPUIPlugin:80 - create IPUIPlugin
2023-12-06 17:02:59,588 [INFO] PluginManager:220 - loadIPPluginJar : add cryp
2023-12-06 17:02:59,610 [INFO] IPUIPlugin:80 - create IPUIPlugin
2023-12-06 17:02:59,610 [INFO] PluginManager:220 - loadIPPluginJar : add dfsdm
2023-12-06 17:02:59,622 [INFO] IPUIPlugin:80 - create IPUIPlugin
2023-12-06 17:02:59,622 [INFO] PluginManager:220 - loadIPPluginJar : add dma
2023-12-06 17:02:59,661 [INFO] IPUIPlugin:80 - create IPUIPlugin
2023-12-06 17:02:59,661 [INFO] PluginManager:220 - loadIPPluginJar : add dma3
2023-12-06 17:02:59,684 [INFO] IPUIPlugin:80 - create IPUIPlugin
2023-12-06 17:02:59,684 [INFO] PluginManager:220 - loadIPPluginJar : add fatfs
2023-12-06 17:02:59,724 [INFO] IPUIPlugin:80 - create IPUIPlugin
2023-12-06 17:02:59,724 [INFO] PluginManager:220 - loadIPPluginJar : add fmc
2023-12-06 17:02:59,738 [INFO] IPUIPlugin:80 - create IPUIPlugin
2023-12-06 17:02:59,738 [INFO] PluginManager:220 - loadIPPluginJar : add freertos
2023-12-06 17:02:59,755 [INFO] IPUIPlugin:80 - create IPUIPlugin
2023-12-06 17:02:59,756 [INFO] PluginManager:220 - loadIPPluginJar : add genericplugin
2023-12-06 17:02:59,833 [INFO] IPUIPlugin:80 - create IPUIPlugin
2023-12-06 17:02:59,833 [INFO] PluginManager:220 - loadIPPluginJar : add gfxmmu
2023-12-06 17:02:59,942 [INFO] IPUIPlugin:80 - create IPUIPlugin
2023-12-06 17:02:59,943 [INFO] PluginManager:220 - loadIPPluginJar : add gic
2023-12-06 17:02:59,955 [INFO] IPUIPlugin:80 - create IPUIPlugin
2023-12-06 17:02:59,956 [INFO] PluginManager:220 - loadIPPluginJar : add gpio
2023-12-06 17:03:00,043 [INFO] IPUIPlugin:80 - create IPUIPlugin
2023-12-06 17:03:00,043 [INFO] PluginManager:220 - loadIPPluginJar : add gtzc
2023-12-06 17:03:00,074 [INFO] IPUIPlugin:80 - create IPUIPlugin
2023-12-06 17:03:00,074 [INFO] PluginManager:220 - loadIPPluginJar : add hash
2023-12-06 17:03:00,124 [INFO] IPUIPlugin:80 - create IPUIPlugin
2023-12-06 17:03:00,124 [INFO] PluginManager:220 - loadIPPluginJar : add i2c
2023-12-06 17:03:00,158 [INFO] IPUIPlugin:80 - create IPUIPlugin
2023-12-06 17:03:00,158 [INFO] PluginManager:220 - loadIPPluginJar : add i2s
2023-12-06 17:03:00,193 [INFO] IPUIPlugin:80 - create IPUIPlugin
2023-12-06 17:03:00,193 [INFO] PluginManager:220 - loadIPPluginJar : add i3c
2023-12-06 17:03:00,278 [INFO] IPUIPlugin:80 - create IPUIPlugin
2023-12-06 17:03:00,278 [INFO] PluginManager:220 - loadIPPluginJar : add ipddr
2023-12-06 17:03:00,359 [INFO] IPUIPlugin:80 - create IPUIPlugin
2023-12-06 17:03:00,359 [INFO] PluginManager:220 - loadIPPluginJar : add linkedlist
2023-12-06 17:03:00,388 [INFO] IPUIPlugin:80 - create IPUIPlugin
2023-12-06 17:03:00,389 [INFO] PluginManager:220 - loadIPPluginJar : add lorawan
2023-12-06 17:03:00,420 [INFO] IPUIPlugin:80 - create IPUIPlugin
2023-12-06 17:03:00,420 [INFO] PluginManager:220 - loadIPPluginJar : add ltdc
2023-12-06 17:03:00,433 [INFO] IPUIPlugin:80 - create IPUIPlugin
2023-12-06 17:03:00,433 [INFO] PluginManager:220 - loadIPPluginJar : add mdma
2023-12-06 17:03:00,444 [INFO] IPUIPlugin:80 - create IPUIPlugin
2023-12-06 17:03:00,444 [INFO] PluginManager:220 - loadIPPluginJar : add nvic
2023-12-06 17:03:00,476 [INFO] IPUIPlugin:80 - create IPUIPlugin
2023-12-06 17:03:00,476 [INFO] PluginManager:220 - loadIPPluginJar : add opamp
2023-12-06 17:03:00,527 [INFO] IPUIPlugin:80 - create IPUIPlugin
2023-12-06 17:03:00,528 [INFO] PluginManager:220 - loadIPPluginJar : add openamp
2023-12-06 17:03:00,562 [INFO] IPUIPlugin:80 - create IPUIPlugin
2023-12-06 17:03:00,563 [INFO] PluginManager:220 - loadIPPluginJar : add pdm2pcm
2023-12-06 17:03:00,576 [INFO] IPUIPlugin:80 - create IPUIPlugin
2023-12-06 17:03:00,578 [INFO] PluginManager:220 - loadIPPluginJar : add plateformsettings
2023-12-06 17:03:00,596 [INFO] IPUIPlugin:80 - create IPUIPlugin
2023-12-06 17:03:00,596 [INFO] PluginManager:220 - loadIPPluginJar : add quadspi
2023-12-06 17:03:00,605 [INFO] IPUIPlugin:80 - create IPUIPlugin
2023-12-06 17:03:00,605 [INFO] PluginManager:220 - loadIPPluginJar : add resmgrutility
2023-12-06 17:03:00,658 [INFO] IPUIPlugin:80 - create IPUIPlugin
2023-12-06 17:03:00,659 [INFO] PluginManager:220 - loadIPPluginJar : add sai
2023-12-06 17:03:00,693 [INFO] IPUIPlugin:80 - create IPUIPlugin
2023-12-06 17:03:00,693 [INFO] PluginManager:220 - loadIPPluginJar : add spi
2023-12-06 17:03:00,741 [INFO] IPUIPlugin:80 - create IPUIPlugin
2023-12-06 17:03:00,741 [INFO] PluginManager:220 - loadIPPluginJar : add stm32_wpan
2023-12-06 17:03:00,759 [INFO] IPUIPlugin:80 - create IPUIPlugin
2023-12-06 17:03:00,759 [INFO] PluginManager:220 - loadIPPluginJar : add tim
2023-12-06 17:03:00,801 [INFO] IPUIPlugin:80 - create IPUIPlugin
2023-12-06 17:03:00,801 [INFO] PluginManager:220 - loadIPPluginJar : add touchsensing
2023-12-06 17:03:00,819 [INFO] IPUIPlugin:80 - create IPUIPlugin
2023-12-06 17:03:00,819 [INFO] PluginManager:220 - loadIPPluginJar : add tracer_emb
2023-12-06 17:03:00,836 [INFO] IPUIPlugin:80 - create IPUIPlugin
2023-12-06 17:03:00,836 [INFO] PluginManager:220 - loadIPPluginJar : add ts
2023-12-06 17:03:00,853 [INFO] IPUIPlugin:80 - create IPUIPlugin
2023-12-06 17:03:00,853 [INFO] PluginManager:220 - loadIPPluginJar : add tsc
2023-12-06 17:03:00,874 [INFO] IPUIPlugin:80 - create IPUIPlugin
2023-12-06 17:03:00,874 [INFO] PluginManager:220 - loadIPPluginJar : add ucpd
2023-12-06 17:03:00,906 [INFO] IPUIPlugin:80 - create IPUIPlugin
2023-12-06 17:03:00,906 [INFO] PluginManager:220 - loadIPPluginJar : add usart
2023-12-06 17:03:00,936 [INFO] IPUIPlugin:80 - create IPUIPlugin
2023-12-06 17:03:00,936 [INFO] PluginManager:220 - loadIPPluginJar : add usbx
2023-12-06 17:03:01,051 [INFO] CADModel:165 - CPN selected for project level
2023-12-06 17:03:01,051 [INFO] CADModel:114 - Register for checkConnection events
2023-12-06 17:03:01,052 [FATAL] Updater:308 - Updater called before beeing initialized
2023-12-06 17:03:01,052 [ERROR] CADModel:125 - Updater not yet initialized, retry later 
2023-12-06 17:03:01,172 [INFO] CADModel:165 - CPN selected for project level
2023-12-06 17:03:01,172 [INFO] CADModel:114 - Register for checkConnection events
2023-12-06 17:03:01,172 [FATAL] Updater:308 - Updater called before beeing initialized
2023-12-06 17:03:01,172 [ERROR] CADModel:125 - Updater not yet initialized, retry later 
2023-12-06 17:03:01,175 [FATAL] Updater:308 - Updater called before beeing initialized
2023-12-06 17:03:01,250 [FATAL] Updater:308 - Updater called before beeing initialized
2023-12-06 17:03:01,258 [INFO] DbMcusAds:53 - JSON generation date=Wed Nov 29 11:52:38 CET 2023 (1701255158764)
2023-12-06 17:03:01,258 [FATAL] Updater:308 - Updater called before beeing initialized
2023-12-06 17:03:01,322 [WARN] DetailPanel:346 - Failed to get advertising image, set to default
2023-12-06 17:03:01,399 [FATAL] Updater:308 - Updater called before beeing initialized
2023-12-06 17:03:01,401 [FATAL] Updater:308 - Updater called before beeing initialized
2023-12-06 17:03:01,401 [FATAL] Updater:308 - Updater called before beeing initialized
2023-12-06 17:03:01,401 [WARN] DetailPanel:346 - Failed to get advertising image, set to default
2023-12-06 17:03:01,402 [FATAL] Updater:308 - Updater called before beeing initialized
2023-12-06 17:03:01,451 [ERROR] Updater:1120 - MainUpdater not yet initialized. External WinMGr cannot be set.
2023-12-06 17:03:01,460 [INFO] Updater:1056 - Updater Version found : 6.9.2
2023-12-06 17:03:01,472 [INFO] ApplicationProperties:184 - Using Application install path: C:\ST\STM32CubeIDE_1.8.0\STM32CubeIDE\plugins\com.st.stm32cube.common.mx_6.9.2.202309101412
2023-12-06 17:03:02,006 [INFO] ThirdPartyUpdaterWithRetryManager:70 - Updater plugin not ready yet. [2/15]
2023-12-06 17:03:02,177 [INFO] MainUpdater:2868 - connection check result : 10
2023-12-06 17:03:02,178 [INFO] MainUpdater:285 - Updater Check For Update Now.
2023-12-06 17:03:02,178 [INFO] MicroXplorer:498 - Change Database Version : DB.6.0.92
2023-12-06 17:03:02,192 [INFO] McuFinderGlobals:63 - Set McuFinder mode to 2 (CubeIDE integrated)
2023-12-06 17:03:02,192 [INFO] UserAuth:179 - activating auth plugin
2023-12-06 17:03:02,196 [INFO] UserAuth:393 - Internet connection configuration mode: 1
2023-12-06 17:03:02,220 [INFO] JxBrowserEngine:151 - Initiate JxBrowser Engine with user profile folder
2023-12-06 17:03:02,363 [INFO] CheckServerUpdateThread:120 - End of CheckServer Thread
2023-12-06 17:03:04,077 [INFO] WebApp:157 - Instantiating new browser for Auth
2023-12-06 17:03:04,651 [INFO] WebApp:753 - Register for checkConnection events
2023-12-06 17:03:04,651 [INFO] WebApp:390 - Apply proxy settings
2023-12-06 17:03:04,652 [INFO] WebApp:475 - Chromium requires no authentication
2023-12-06 17:03:04,657 [INFO] WebApp:418 - Direct internet connection detected
2023-12-06 17:03:04,789 [INFO] WebApp:188 - Starting web application
2023-12-06 17:03:04,789 [INFO] WebApp:520 - Web application path used C:\ST\STM32CubeIDE_1.8.0\STM32CubeIDE\plugins\com.st.stm32cube.common.mx_6.9.2.202309101412\db\plugins\mcufinder\reactClient1\index.html
2023-12-06 17:03:05,219 [WARN] PackLoader:240 - Cannot read IP mode file for STMicroelectronics.X-CUBE-SMBUS.2.1.0
2023-12-06 17:03:05,278 [WARN] PackLoader:240 - Cannot read IP mode file for STMicroelectronics.X-CUBE-MEMS1.9.2.0
2023-12-06 17:03:05,403 [WARN] PackLoader:240 - Cannot read IP mode file for STMicroelectronics.X-CUBE-AZRTOS-F7.1.1.0
2023-12-06 17:03:05,623 [WARN] PackLoader:240 - Cannot read IP mode file for STMicroelectronics.X-CUBE-AI.7.1.0
2023-12-06 17:03:05,634 [WARN] PackLoader:240 - Cannot read IP mode file for STMicroelectronics.X-CUBE-TOUCHGFX.4.19.1
2023-12-06 17:03:05,722 [ERROR] RealEvaluatedCondition:428 - Found unsupported composite condition: CLASS='Data Exchange' GROUP='STM32_MetaDataManager'
2023-12-06 17:03:05,723 [ERROR] RealEvaluatedCondition:428 - Found unsupported composite condition: CLASS='Data Exchange' GROUP='STM32_MetaDataManager'
2023-12-06 17:03:05,723 [WARN] PackLoader:240 - Cannot read IP mode file for STMicroelectronics.FP-SNS-MOTENV1.4.3.0
2023-12-06 17:03:05,734 [WARN] PackLoader:240 - Cannot read IP mode file for STMicroelectronics.FP-SNS-MOTENV1.4.3.2
2023-12-06 17:03:05,744 [WARN] PackLoader:240 - Cannot read IP mode file for STMicroelectronics.FP-SNS-FLIGHT1.5.0.0
2023-12-06 17:03:05,753 [ERROR] RealEvaluatedCondition:428 - Found unsupported composite condition: GROUP='STM32_MetaDataManager' CLASS='Data Exchange'
2023-12-06 17:03:05,753 [ERROR] RealEvaluatedCondition:428 - Found unsupported composite condition: GROUP='STM32_MetaDataManager' CLASS='Data Exchange'
2023-12-06 17:03:05,754 [WARN] PackLoader:240 - Cannot read IP mode file for STMicroelectronics.FP-SNS-MOTENV1.4.3.1
2023-12-06 17:03:05,764 [WARN] PackLoader:240 - Cannot read IP mode file for STMicroelectronics.FP-SNS-FLIGHT1.5.0.1
2023-12-06 17:03:05,776 [WARN] PackLoader:240 - Cannot read IP mode file for STMicroelectronics.X-CUBE-BLE1.6.2.3
2023-12-06 17:03:05,787 [WARN] PackLoader:240 - Cannot read IP mode file for STMicroelectronics.X-CUBE-BLE1.6.2.4
2023-12-06 17:03:05,796 [WARN] PackLoader:240 - Cannot read IP mode file for STMicroelectronics.X-CUBE-BLE1.6.2.2
2023-12-06 17:03:05,806 [WARN] PackLoader:240 - Cannot read IP mode file for STMicroelectronics.FP-SNS-FLIGHT1.5.0.2
2023-12-06 17:03:05,816 [WARN] PackLoader:240 - Cannot read IP mode file for STMicroelectronics.X-CUBE-BLE2.3.2.2
2023-12-06 17:03:05,826 [WARN] PackLoader:240 - Cannot read IP mode file for STMicroelectronics.X-CUBE-TOUCHGFX.4.19.0
2023-12-06 17:03:05,840 [WARN] PackLoader:240 - Cannot read IP mode file for STMicroelectronics.X-CUBE-TOF1.3.1.0
2023-12-06 17:03:05,851 [WARN] PackLoader:240 - Cannot read IP mode file for wolfSSL.I-CUBE-wolfSSL.5.1.1
2023-12-06 17:03:05,862 [WARN] PackLoader:240 - Cannot read IP mode file for STMicroelectronics.X-CUBE-DISPLAY.3.0.0
2023-12-06 17:03:05,874 [WARN] PackLoader:240 - Cannot read IP mode file for STMicroelectronics.X-CUBE-BLE1.7.0.0
2023-12-06 17:03:05,884 [WARN] PackLoader:240 - Cannot read IP mode file for emotas.I-CUBE-CANOPEN.1.3.0
2023-12-06 17:03:05,894 [WARN] PackLoader:240 - Cannot read IP mode file for STMicroelectronics.X-CUBE-TOUCHGFX.4.22.0
2023-12-06 17:03:05,903 [WARN] PackLoader:240 - Cannot read IP mode file for STMicroelectronics.X-CUBE-TOUCHGFX.4.22.1
2023-12-06 17:03:05,916 [WARN] PackLoader:240 - Cannot read IP mode file for STMicroelectronics.X-CUBE-SUBG2.4.2.0
2023-12-06 17:03:05,955 [WARN] PackLoader:240 - Cannot read IP mode file for STMicroelectronics.X-CUBE-MEMS1.9.3.0
2023-12-06 17:03:06,039 [WARN] PackLoader:240 - Cannot read IP mode file for STMicroelectronics.X-CUBE-AI.7.2.0
2023-12-06 17:03:06,049 [WARN] PackLoader:240 - Cannot read IP mode file for STMicroelectronics.FP-SNS-SMARTAG2.1.2.0
2023-12-06 17:03:06,066 [INFO] LogOutputStream:77 - [STDOUT_REDIRECT] 1 : Invalid condition id : UX_CORESTACK_Condition cause : null
2023-12-06 17:03:06,066 [INFO] LogOutputStream:77 - [STDOUT_REDIRECT] 1 : Invalid condition id : UX_CORESTACK_Condition cause : null
2023-12-06 17:03:06,067 [INFO] LogOutputStream:77 - [STDOUT_REDIRECT] 1 : Invalid condition id : UX_CORESTACK_Condition cause : null
2023-12-06 17:03:06,068 [INFO] LogOutputStream:77 - [STDOUT_REDIRECT] 1 : Invalid condition id : UX_CORESTACK_Condition cause : null
2023-12-06 17:03:06,069 [INFO] LogOutputStream:77 - [STDOUT_REDIRECT] 1 : Invalid condition id : UX_CORESTACK_Condition cause : null
2023-12-06 17:03:06,071 [WARN] PackLoader:240 - Cannot read IP mode file for STMicroelectronics.X-CUBE-AZRTOS-WL.2.0.0
2023-12-06 17:03:06,083 [WARN] PackLoader:240 - Cannot read IP mode file for WES.I-CUBE-Cesium.1.3.0
2023-12-06 17:03:06,093 [WARN] PackLoader:240 - Cannot read IP mode file for STMicroelectronics.X-CUBE-BLE2.3.3.0
2023-12-06 17:03:06,103 [WARN] PackLoader:240 - Cannot read IP mode file for STMicroelectronics.X-CUBE-DISPLAY.2.2.0
2023-12-06 17:03:06,118 [WARN] PackLoader:240 - Cannot read IP mode file for STMicroelectronics.X-CUBE-TOF1.3.2.0
2023-12-06 17:03:06,130 [WARN] PackLoader:240 - Cannot read IP mode file for STMicroelectronics.X-CUBE-TOUCHGFX.4.18.1
2023-12-06 17:03:06,140 [WARN] PackLoader:240 - Cannot read IP mode file for STMicroelectronics.X-CUBE-ISPU.1.0.0
2023-12-06 17:03:06,164 [WARN] PackLoader:240 - Cannot read IP mode file for STMicroelectronics.X-CUBE-AZRTOS-H7.2.1.0
2023-12-06 17:03:06,177 [WARN] PackLoader:240 - Cannot read IP mode file for STMicroelectronics.X-CUBE-TOUCHGFX.4.21.1
2023-12-06 17:03:06,187 [WARN] PackLoader:240 - Cannot read IP mode file for STMicroelectronics.X-CUBE-TOUCHGFX.4.21.0
2023-12-06 17:03:06,196 [WARN] PackLoader:240 - Cannot read IP mode file for STMicroelectronics.X-CUBE-TOUCHGFX.4.21.3
2023-12-06 17:03:06,206 [WARN] PackLoader:240 - Cannot read IP mode file for STMicroelectronics.X-CUBE-TOUCHGFX.4.21.4
2023-12-06 17:03:06,253 [WARN] PackLoader:240 - Cannot read IP mode file for STMicroelectronics.X-CUBE-MEMS1.9.4.0
2023-12-06 17:03:06,395 [WARN] PackLoader:240 - Cannot read IP mode file for STMicroelectronics.X-CUBE-AI.7.3.0
2023-12-06 17:03:06,406 [WARN] PackLoader:240 - Cannot read IP mode file for STMicroelectronics.X-CUBE-ALGOBUILD.1.3.0
2023-12-06 17:03:06,428 [WARN] PackLoader:240 - Cannot read IP mode file for STMicroelectronics.X-CUBE-AZRTOS-G0.1.1.0
2023-12-06 17:03:06,441 [WARN] PackLoader:240 - Cannot read IP mode file for STMicroelectronics.X-CUBE-NFC4.3.0.0
2023-12-06 17:03:06,479 [WARN] PackLoader:240 - Cannot read IP mode file for SEGGER.I-CUBE-embOS.1.2.0
2023-12-06 17:03:06,503 [WARN] PackLoader:240 - Cannot read IP mode file for STMicroelectronics.X-CUBE-DISPLAY.2.1.0
2023-12-06 17:03:06,516 [WARN] PackLoader:240 - Cannot read IP mode file for STMicroelectronics.X-CUBE-BLEMGR.3.0.0
2023-12-06 17:03:06,529 [WARN] PackLoader:240 - Cannot read IP mode file for STMicroelectronics.X-CUBE-BLEMGR.1.3.0
2023-12-06 17:03:06,554 [WARN] PackLoader:240 - Cannot read IP mode file for STMicroelectronics.X-CUBE-AZRTOS-H7.2.0.0
2023-12-06 17:03:06,566 [WARN] PackLoader:240 - Cannot read IP mode file for STMicroelectronics.FP-ATR-SIGFOX1.3.2.0
2023-12-06 17:03:06,577 [WARN] PackLoader:240 - Cannot read IP mode file for emotas.I-CUBE-CANOPEN.1.1.2
2023-12-06 17:03:06,590 [WARN] PackLoader:240 - Cannot read IP mode file for STMicroelectronics.X-CUBE-TOUCHGFX.4.20.0
2023-12-06 17:03:06,665 [WARN] PackLoader:240 - Cannot read IP mode file for STMicroelectronics.X-CUBE-MEMS1.9.5.0
2023-12-06 17:03:06,772 [WARN] PackLoader:240 - Cannot read IP mode file for SEGGER.I-CUBE-embOS.1.3.1
2023-12-06 17:03:06,818 [WARN] PackLoader:240 - Cannot read IP mode file for STMicroelectronics.X-CUBE-DISPLAY.2.0.1
2023-12-06 17:03:06,831 [WARN] PackLoader:240 - Cannot read IP mode file for STMicroelectronics.X-CUBE-TOF1.3.0.0
2023-12-06 17:03:06,842 [WARN] PackLoader:240 - Cannot read IP mode file for STMicroelectronics.X-CUBE-GNSS1.6.0.0
2023-12-06 17:03:06,867 [WARN] PackLoader:240 - Cannot read IP mode file for STMicroelectronics.X-CUBE-AZRTOS-F4.1.1.0
2023-12-06 17:03:06,879 [WARN] PackLoader:240 - Cannot read IP mode file for wolfSSL.I-CUBE-wolfSSL.5.6.3
2023-12-06 17:03:06,891 [WARN] PackLoader:240 - Cannot read IP mode file for STMicroelectronics.X-CUBE-BLEMGR.1.2.0
2023-12-06 17:03:06,919 [WARN] PackLoader:240 - Cannot read IP mode file for STMicroelectronics.X-CUBE-AZRTOS-L5.2.0.0
2023-12-06 17:03:06,959 [WARN] PackLoader:240 - Cannot read IP mode file for STMicroelectronics.X-CUBE-MEMS1.9.6.0
2023-12-06 17:03:07,051 [WARN] PackLoader:240 - Cannot read IP mode file for STMicroelectronics.X-CUBE-EEPRMA1.4.2.0
2023-12-06 17:03:07,062 [WARN] PackLoader:240 - Cannot read IP mode file for ITTIA_DB.I-CUBE-ITTIADB.8.8.0
2023-12-06 17:03:07,073 [WARN] PackLoader:240 - Cannot read IP mode file for STMicroelectronics.X-CUBE-BLEMGR.2.0.0
2023-12-06 17:03:07,084 [WARN] PackLoader:240 - Cannot read IP mode file for STMicroelectronics.X-CUBE-NFC4.2.0.5
2023-12-06 17:03:07,094 [WARN] PackLoader:240 - Cannot read IP mode file for STMicroelectronics.X-CUBE-NFC4.2.0.4
2023-12-06 17:03:07,104 [WARN] PackLoader:240 - Cannot read IP mode file for STMicroelectronics.X-CUBE-NFC4.2.0.3
2023-12-06 17:03:07,125 [WARN] ConditionMgr:438 - getConditionDescription Invalid condition id : UX DEVICE CLASS RTOS Condition cause : null
2023-12-06 17:03:07,125 [WARN] ConditionMgr:438 - getConditionDescription Invalid condition id : UX DEVICE CLASS RTOS Condition cause : null
2023-12-06 17:03:07,127 [WARN] PackLoader:240 - Cannot read IP mode file for STMicroelectronics.X-CUBE-AZRTOS-H7.3.1.0
2023-12-06 17:03:07,128 [WARN] ConditionMgr:1039 - genDependencies : Invalid condition id : UX DEVICE CLASS RTOS Condition cause : null
2023-12-06 17:03:07,128 [WARN] ConditionMgr:1039 - genDependencies : Invalid condition id : UX DEVICE CLASS RTOS Condition cause : null
2023-12-06 17:03:07,128 [WARN] ConditionMgr:1039 - genDependencies : Invalid condition id : UX DEVICE CLASS RTOS Condition cause : null
2023-12-06 17:03:07,128 [WARN] ConditionMgr:1039 - genDependencies : Invalid condition id : UX DEVICE CLASS RTOS Condition cause : null
2023-12-06 17:03:07,128 [WARN] ConditionMgr:1039 - genDependencies : Invalid condition id : UX DEVICE CLASS RTOS Condition cause : null
2023-12-06 17:03:07,139 [WARN] PackLoader:240 - Cannot read IP mode file for STMicroelectronics.X-CUBE-SFXS2LP1.3.1.0
2023-12-06 17:03:07,159 [WARN] PackLoader:240 - Cannot read IP mode file for STMicroelectronics.X-CUBE-AZRTOS-F4.1.0.0
2023-12-06 17:03:07,170 [WARN] PackLoader:240 - Cannot read IP mode file for STMicroelectronics.X-CUBE-NFC7.1.0.1
2023-12-06 17:03:07,179 [WARN] PackLoader:240 - Cannot read IP mode file for STMicroelectronics.X-CUBE-NFC7.1.0.0
2023-12-06 17:03:07,190 [WARN] PackLoader:240 - Cannot read IP mode file for STMicroelectronics.X-CUBE-NFC6.3.0.0
2023-12-06 17:03:07,200 [WARN] PackLoader:240 - Cannot read IP mode file for STMicroelectronics.X-CUBE-EEPRMA1.4.1.0
2023-12-06 17:03:07,209 [WARN] PackLoader:240 - Cannot read IP mode file for STMicroelectronics.X-CUBE-AI.8.1.0
2023-12-06 17:03:07,228 [WARN] PackLoader:240 - Cannot read IP mode file for STMicroelectronics.X-CUBE-AZRTOS-G0.1.0.0
2023-12-06 17:03:07,258 [WARN] ConditionMgr:438 - getConditionDescription Invalid condition id : LAN8742 Phy interface Condition cause : null
2023-12-06 17:03:07,259 [WARN] PackLoader:240 - Cannot read IP mode file for STMicroelectronics.X-CUBE-AZRTOS-L4.2.0.0
2023-12-06 17:03:07,259 [WARN] ConditionMgr:1039 - genDependencies : Invalid condition id : LAN8742 Phy interface Condition cause : null
2023-12-06 17:03:07,260 [WARN] ConditionMgr:1039 - genDependencies : Invalid condition id : LAN8742 Phy interface Condition cause : null
2023-12-06 17:03:07,260 [WARN] ConditionMgr:1039 - genDependencies : Invalid condition id : LAN8742 Phy interface Condition cause : null
2023-12-06 17:03:07,271 [WARN] PackLoader:240 - Cannot read IP mode file for STMicroelectronics.X-CUBE-SFXS2LP1.4.0.0
2023-12-06 17:03:07,292 [WARN] PackLoader:240 - Cannot read IP mode file for STMicroelectronics.X-CUBE-AZRTOS-H7.3.0.0
2023-12-06 17:03:07,303 [WARN] PackLoader:240 - Cannot read IP mode file for STMicroelectronics.X-CUBE-ISPU.1.1.0
2023-12-06 17:03:07,316 [WARN] PackLoader:240 - Cannot read IP mode file for RoweBots.I-CUBE-UNISONRTOS.5.5.0-4
2023-12-06 17:03:07,329 [WARN] PackLoader:240 - Cannot read IP mode file for STMicroelectronics.X-CUBE-AI.8.0.0
2023-12-06 17:03:07,362 [WARN] ConditionMgr:438 - getConditionDescription Invalid condition id : UX DEVICE CLASS RTOS Condition cause : null
2023-12-06 17:03:07,362 [WARN] ConditionMgr:438 - getConditionDescription Invalid condition id : UX DEVICE CLASS RTOS Condition cause : null
2023-12-06 17:03:07,364 [WARN] PackLoader:240 - Cannot read IP mode file for STMicroelectronics.X-CUBE-AZRTOS-WB.2.0.0
2023-12-06 17:03:07,365 [WARN] ConditionMgr:1039 - genDependencies : Invalid condition id : UX DEVICE CLASS RTOS Condition cause : null
2023-12-06 17:03:07,365 [WARN] ConditionMgr:1039 - genDependencies : Invalid condition id : UX DEVICE CLASS RTOS Condition cause : null
2023-12-06 17:03:07,365 [WARN] ConditionMgr:1039 - genDependencies : Invalid condition id : UX DEVICE CLASS RTOS Condition cause : null
2023-12-06 17:03:07,366 [WARN] ConditionMgr:1039 - genDependencies : Invalid condition id : UX DEVICE CLASS RTOS Condition cause : null
2023-12-06 17:03:07,366 [WARN] ConditionMgr:1039 - genDependencies : Invalid condition id : UX DEVICE CLASS RTOS Condition cause : null
2023-12-06 17:03:07,388 [WARN] PackLoader:240 - Cannot read IP mode file for STMicroelectronics.X-CUBE-FREERTOS.1.0.0
2023-12-06 17:03:07,406 [WARN] PackLoader:240 - Cannot read IP mode file for STMicroelectronics.X-CUBE-FREERTOS.1.0.1
2023-12-06 17:03:07,422 [WARN] PackLoader:240 - Cannot read IP mode file for STMicroelectronics.X-CUBE-BLEMGR.1.0.0
2023-12-06 17:03:07,453 [WARN] PackLoader:240 - Cannot read IP mode file for STMicroelectronics.X-CUBE-AZRTOS-L5.1.1.0
2023-12-06 17:03:07,471 [WARN] PackLoader:240 - Cannot read IP mode file for STMicroelectronics.X-CUBE-AI.8.0.1
2023-12-06 17:03:07,489 [WARN] PackLoader:240 - Cannot read IP mode file for STMicroelectronics.X-CUBE-SUBG2.5.0.0
2023-12-06 17:03:07,512 [WARN] PackLoader:240 - Cannot read IP mode file for STMicroelectronics.X-CUBE-TOF1.3.3.1
2023-12-06 17:03:07,544 [WARN] PackLoader:240 - Cannot read IP mode file for STMicroelectronics.X-CUBE-AZRTOS-G4.2.0.0
2023-12-06 17:03:07,568 [WARN] PackLoader:240 - Cannot read IP mode file for STMicroelectronics.X-CUBE-TOF1.3.3.0
2023-12-06 17:03:07,587 [WARN] PackLoader:240 - Cannot read IP mode file for STMicroelectronics.FP-ATR-ASTRA1.1.1.1
2023-12-06 17:03:07,610 [WARN] PackLoader:240 - Cannot read IP mode file for Infineon.AIROC-Wi-Fi-Bluetooth-STM32.1.5.1
2023-12-06 17:03:07,620 [WARN] PackLoader:240 - Cannot read IP mode file for STMicroelectronics.FP-ATR-ASTRA1.1.1.0
2023-12-06 17:03:07,629 [WARN] PackLoader:240 - Cannot read IP mode file for STMicroelectronics.FP-SNS-MOTENVWB1.1.3.0
2023-12-06 17:03:07,640 [WARN] PackLoader:240 - Cannot read IP mode file for STMicroelectronics.FP-SNS-MOTENVWB1.1.3.1
2023-12-06 17:03:07,665 [WARN] PackLoader:240 - Cannot read IP mode file for STMicroelectronics.X-CUBE-AZRTOS-G4.1.0.0
2023-12-06 17:03:07,688 [WARN] PackLoader:240 - Cannot read IP mode file for STMicroelectronics.X-CUBE-AZRTOS-L4.1.0.0
2023-12-06 17:03:07,697 [WARN] PackLoader:240 - Cannot read IP mode file for STMicroelectronics.X-CUBE-ISPU.2.0.0
2023-12-06 17:03:07,734 [WARN] PackLoader:240 - Cannot read IP mode file for STMicroelectronics.X-CUBE-MEMS1.10.0.0
2023-12-06 17:03:07,808 [WARN] PackLoader:240 - Cannot read IP mode file for STMicroelectronics.X-CUBE-FREERTOS.1.1.0
2023-12-06 17:03:07,830 [WARN] PackLoader:240 - Cannot read IP mode file for STMicroelectronics.X-CUBE-AZRTOS-F7.1.0.0
2023-12-06 17:03:07,847 [WARN] PackLoader:240 - Cannot read IP mode file for STMicroelectronics.X-CUBE-AZRTOS-WL.1.0.0
2023-12-06 17:03:07,876 [WARN] PackLoader:240 - Cannot read IP mode file for STMicroelectronics.X-CUBE-MEMS1.9.1.0
2023-12-06 17:03:07,969 [WARN] PackLoader:240 - Cannot read IP mode file for portGmbH.I-Cube-SoM-uGOAL.1.1.0
2023-12-06 17:03:07,983 [WARN] PackLoader:240 - Cannot read IP mode file for STMicroelectronics.X-CUBE-ALS.1.0.1
2023-12-06 17:03:08,004 [WARN] PackLoader:240 - Cannot read IP mode file for STMicroelectronics.X-CUBE-AZRTOS-WB.1.1.0
2023-12-06 17:03:08,035 [WARN] PackLoader:240 - Cannot read IP mode file for STMicroelectronics.X-CUBE-AZRTOS-L5.1.0.0
2023-12-06 17:03:08,051 [WARN] PackLoader:240 - Cannot read IP mode file for STMicroelectronics.X-CUBE-EEPRMA1.3.1.1
2023-12-06 17:03:08,061 [WARN] PackLoader:240 - Cannot read IP mode file for STMicroelectronics.X-CUBE-GNSS1.5.2.0
2023-12-06 17:03:08,072 [WARN] PackLoader:240 - Cannot read IP mode file for STMicroelectronics.FP-ATR-ASTRA1.2.0.0
2023-12-06 17:03:08,089 [WARN] PackLoader:240 - Cannot read IP mode file for STMicroelectronics.X-CUBE-TOF1.3.4.0
2023-12-06 17:03:08,117 [WARN] PackLoader:240 - Cannot read IP mode file for STMicroelectronics.X-CUBE-AZRTOS-H7.3.2.0
2023-12-06 17:03:08,120 [INFO] ThirdParty:978 - Integrity check success = true
2023-12-06 17:03:08,120 [INFO] IntegrityCheckThread:100 - exiting critical section [integrity check]
2023-12-06 17:03:08,120 [INFO] IntegrityCheckThread:103 - End integrity checks thread
2023-12-06 17:03:13,003 [ERROR] LogOutputStream:75 - [STDERR_REDIRECT] SLF4J: Failed to load class "org.slf4j.impl.StaticLoggerBinder".
2023-12-06 17:03:13,003 [ERROR] LogOutputStream:75 - [STDERR_REDIRECT] SLF4J: Defaulting to no-operation (NOP) logger implementation
2023-12-06 17:03:13,003 [ERROR] LogOutputStream:75 - [STDERR_REDIRECT] SLF4J: See http://www.slf4j.org/codes.html#StaticLoggerBinder for further details.
